#
# A fatal error has been detected by the Java Runtime Environment:
#
#  EXCEPTION_ACCESS_VIOLATION (0xc0000005) at pc=0x0000000066ccb610, pid=168, tid=10420
#
# JRE version: Java(TM) SE Runtime Environment (8.0_60-b27) (build 1.8.0_60-b27)
# Java VM: Java HotSpot(TM) 64-Bit Server VM (25.60-b23 mixed mode windows-amd64 compressed oops)
# Problematic frame:
# V  [jvm.dll+0xeb610]
#
# Failed to write core dump. Minidumps are not enabled by default on client versions of Windows
#
# If you would like to submit a bug report, please visit:
#   http://bugreport.java.com/bugreport/crash.jsp
#

---------------  T H R E A D  ---------------

Current thread (0x0000000002372800):  JavaThread "Forwarding quit on session b9e9a30c743d45b26e3e6a3b5d89898c to remote" [_thread_in_vm, id=10420, stack(0x00000000021a0000,0x00000000022a0000)]

siginfo: ExceptionCode=0xc0000005, writing address 0x0000000000000011

Registers:
RAX=0x0000000000000011, RBX=0x0000000000000000, RCX=0x0000000000000011, RDX=0x0000000000000000
RSP=0x000000000229d948, RBP=0x00000000000007ff, RSI=0x00000000d7c200c0, RDI=0x0000000000000010
R8 =0x0000000000000010, R9 =0x0000000000000010, R10=0x00000000d7c20098, R11=0x0000000000000000
R12=0x0000000000000000, R13=0x0000000002372c60, R14=0x0000000002372c70, R15=0x0000000002373048
RIP=0x0000000066ccb610, EFLAGS=0x0000000000010246

Top of Stack: (sp=0x000000000229d948)
0x000000000229d948:   0000000066e59d38 000000000229da30
0x000000000229d958:   0000000000000000 0000000002372800
0x000000000229d968:   0000000066c5d4fd 00000000d7c20098
0x000000000229d978:   0000000066d242c0 0000000000000010
0x000000000229d988:   000000000236ed00 0000000002372800
0x000000000229d998:   000000000229db40 0000000000000000
0x000000000229d9a8:   0000000066d2350e 0000000002372800
0x000000000229d9b8:   0000000000000000 0000000000000000
0x000000000229d9c8:   0000000066d2335c 0000000000000010
0x000000000229d9d8:   00000000023729f8 0000000000000000
0x000000000229d9e8:   000000000229db30 000000000229da30
0x000000000229d9f8:   0000000066ba1aee 00000000000003d8
0x000000000229da08:   000000000229db01 000000000229db40
0x000000000229da18:   000000000229db48 000000000229da30
0x000000000229da28:   000000000000026f 6e616c2f6176616a
0x000000000229da38:   676e697274532f67 000000000236e400 

Instructions: (pc=0x0000000066ccb610)
0x0000000066ccb5f0:   ff ff ff cc cc cc cc cc cc cc cc cc cc cc cc cc
0x0000000066ccb600:   48 8b 89 30 01 00 00 e9 54 a3 f3 ff cc cc cc cc
0x0000000066ccb610:   48 89 5c 24 08 57 48 83 ec 20 48 8b f9 8b 0d 75
0x0000000066ccb620:   c0 6b 00 8b da ff 15 c5 7d 4e 00 44 8b c3 48 8b 


Register to memory mapping:

RAX=0x0000000000000011 is an unknown value
RBX=0x0000000000000000 is an unknown value
RCX=0x0000000000000011 is an unknown value
RDX=0x0000000000000000 is an unknown value
RSP=0x000000000229d948 is pointing into the stack for thread: 0x0000000002372800
RBP=0x00000000000007ff is an unknown value
RSI=0x00000000d7c200c0 is an oop

[error occurred during error reporting (printing register info), id 0xc0000005]

Stack: [0x00000000021a0000,0x00000000022a0000],  sp=0x000000000229d948,  free space=1014k
Native frames: (J=compiled Java code, j=interpreted, Vv=VM code, C=native code)
V  [jvm.dll+0xeb610]
V  [jvm.dll+0x279d38]
V  [jvm.dll+0x1442c0]
C  [java.dll+0x1aee]
C  0x0000000002caa7c5

Java frames: (J=compiled Java code, j=interpreted, Vv=VM code)
J 2538  java.lang.Class.forName0(Ljava/lang/String;ZLjava/lang/ClassLoader;Ljava/lang/Class;)Ljava/lang/Class; (0 bytes) @ 0x0000000002caa747 [0x0000000002caa6c0+0x87]
j  java.lang.Class.forName(Ljava/lang/String;)Ljava/lang/Class;+11
j  com.sun.proxy.$Proxy0.<clinit>()V+2228
v  ~StubRoutines::call_stub
J 1186  sun.reflect.NativeConstructorAccessorImpl.newInstance0(Ljava/lang/reflect/Constructor;[Ljava/lang/Object;)Ljava/lang/Object; (0 bytes) @ 0x00000000028972e6 [0x0000000002897280+0x66]
J 1185 C1 sun.reflect.NativeConstructorAccessorImpl.newInstance([Ljava/lang/Object;)Ljava/lang/Object; (89 bytes) @ 0x000000000289c9d4 [0x000000000289b980+0x1054]
J 925 C1 sun.reflect.DelegatingConstructorAccessorImpl.newInstance([Ljava/lang/Object;)Ljava/lang/Object; (9 bytes) @ 0x0000000002816944 [0x0000000002816840+0x104]
J 920 C1 java.lang.reflect.Constructor.newInstance([Ljava/lang/Object;)Ljava/lang/Object; (87 bytes) @ 0x0000000002813ec4 [0x0000000002813a00+0x4c4]
j  java.lang.reflect.Proxy.newProxyInstance(Ljava/lang/ClassLoader;[Ljava/lang/Class;Ljava/lang/reflect/InvocationHandler;)Ljava/lang/Object;+98
j  com.sun.jna.Native.loadLibrary(Ljava/lang/String;Ljava/lang/Class;Ljava/util/Map;)Ljava/lang/Object;+28
j  org.openqa.selenium.os.Kernel32.<clinit>()V+7
v  ~StubRoutines::call_stub
j  org.openqa.selenium.os.ProcessUtils.getProcessId(Ljava/lang/Process;)I+33
j  org.openqa.selenium.os.ProcessUtils.killWinProcess(Ljava/lang/Process;)I+13
j  org.openqa.selenium.os.ProcessUtils.killProcess(Ljava/lang/Process;)I+7
j  org.openqa.selenium.os.UnixProcess$SeleniumWatchDog.destroyHarder()V+4
j  org.openqa.selenium.os.UnixProcess$SeleniumWatchDog.access$200(Lorg/openqa/selenium/os/UnixProcess$SeleniumWatchDog;)V+1
j  org.openqa.selenium.os.UnixProcess.destroy()I+65
j  org.openqa.selenium.os.CommandLine.destroy()I+4
j  org.openqa.selenium.remote.service.DriverService.stop()V+81
j  org.openqa.selenium.remote.service.DriverCommandExecutor.execute(Lorg/openqa/selenium/remote/Command;)Lorg/openqa/selenium/remote/Response;+41
j  org.openqa.selenium.remote.RemoteWebDriver.execute(Ljava/lang/String;Ljava/util/Map;)Lorg/openqa/selenium/remote/Response;+74
j  org.openqa.selenium.remote.RemoteWebDriver.execute(Ljava/lang/String;)Lorg/openqa/selenium/remote/Response;+5
j  org.openqa.selenium.remote.RemoteWebDriver.quit()V+11
j  SheetHandler.ActionKeys.closeBrowser()V+3
j  LoadIt.main([Ljava/lang/String;)V+196
v  ~StubRoutines::call_stub

---------------  P R O C E S S  ---------------

Java Threads: ( => current thread )
  0x000000001971d000 JavaThread "UrlChecker-2" daemon [_thread_blocked, id=9208, stack(0x000000001b0e0000,0x000000001b1e0000)]
  0x000000001895b000 JavaThread "Service Thread" daemon [_thread_blocked, id=1296, stack(0x0000000018d20000,0x0000000018e20000)]
  0x0000000017023000 JavaThread "C1 CompilerThread2" daemon [_thread_blocked, id=4304, stack(0x0000000018820000,0x0000000018920000)]
  0x0000000016ff6000 JavaThread "C2 CompilerThread1" daemon [_thread_blocked, id=9332, stack(0x0000000018720000,0x0000000018820000)]
  0x0000000016fef800 JavaThread "C2 CompilerThread0" daemon [_thread_blocked, id=4840, stack(0x0000000018620000,0x0000000018720000)]
  0x0000000016fec000 JavaThread "Attach Listener" daemon [_thread_blocked, id=13152, stack(0x0000000018520000,0x0000000018620000)]
  0x0000000016fea800 JavaThread "Signal Dispatcher" daemon [_thread_blocked, id=2400, stack(0x0000000018420000,0x0000000018520000)]
  0x0000000016fb9000 JavaThread "Finalizer" daemon [_thread_blocked, id=5696, stack(0x0000000018240000,0x0000000018340000)]
  0x0000000016fb8000 JavaThread "Reference Handler" daemon [_thread_blocked, id=5924, stack(0x0000000018140000,0x0000000018240000)]
=>0x0000000002372800 JavaThread "Forwarding quit on session b9e9a30c743d45b26e3e6a3b5d89898c to remote" [_thread_in_vm, id=10420, stack(0x00000000021a0000,0x00000000022a0000)]

Other Threads:
  0x0000000016fb7000 VMThread [stack: 0x0000000018040000,0x0000000018140000] [id=5244]
  0x000000001895f800 WatcherThread [stack: 0x0000000018e20000,0x0000000018f20000] [id=10764]

VM state:not at safepoint (normal execution)

VM Mutex/Monitor currently owned by a thread: None

Heap:
 PSYoungGen      total 38400K, used 22741K [0x00000000d5b80000, 0x00000000d8600000, 0x0000000100000000)
  eden space 33280K, 53% used [0x00000000d5b80000,0x00000000d6cbd6f0,0x00000000d7c00000)
  from space 5120K, 99% used [0x00000000d7c00000,0x00000000d80f8080,0x00000000d8100000)
  to   space 5120K, 0% used [0x00000000d8100000,0x00000000d8100000,0x00000000d8600000)
 ParOldGen       total 87552K, used 8296K [0x0000000081200000, 0x0000000086780000, 0x00000000d5b80000)
  object space 87552K, 9% used [0x0000000081200000,0x0000000081a1a2a8,0x0000000086780000)
 Metaspace       used 20386K, capacity 20648K, committed 20864K, reserved 1067008K
  class space    used 2511K, capacity 2615K, committed 2688K, reserved 1048576K

Card table byte_map: [0x0000000011830000,0x0000000011c30000] byte_map_base: 0x0000000011427000

Marking Bits: (ParMarkBitMap*) 0x00000000673ea5b0
 Begin Bits: [0x00000000122e0000, 0x0000000014298000)
 End Bits:   [0x0000000014298000, 0x0000000016250000)

Polling page: 0x0000000000930000

CodeCache: size=245760Kb used=8444Kb max_used=8444Kb free=237315Kb
 bounds [0x0000000002470000, 0x0000000002cc0000, 0x0000000011470000]
 total_blobs=2950 nmethods=2540 adapters=321
 compilation: enabled

Compilation events (10 events):
Event: 29.905 Thread 0x0000000016fef800 nmethod 2528 0x0000000002cabed0 code [0x0000000002cac020, 0x0000000002cac2f8]
Event: 29.906 Thread 0x0000000017023000 nmethod 2534 0x0000000002cb3510 code [0x0000000002cb3900, 0x0000000002cb6368]
Event: 29.906 Thread 0x0000000017023000 2535       3       java.io.DataOutputStream::writeUTF (7 bytes)
Event: 29.906 Thread 0x0000000017023000 nmethod 2535 0x0000000002ca8350 code [0x0000000002ca84c0, 0x0000000002ca8648]
Event: 29.910 Thread 0x0000000017023000 2537       3       java.lang.Class::searchMethods (90 bytes)
Event: 29.912 Thread 0x0000000017023000 nmethod 2537 0x0000000002cb1c50 code [0x0000000002cb1ea0, 0x0000000002cb2e18]
Event: 29.912 Thread 0x0000000017023000 2539       3       java.lang.reflect.Method::getParameterTypes (11 bytes)
Event: 29.912 Thread 0x0000000017023000 nmethod 2539 0x0000000002cad590 code [0x0000000002cad700, 0x0000000002cada08]
Event: 29.912 Thread 0x0000000017023000 2540       3       java.lang.Class::forName (15 bytes)
Event: 29.913 Thread 0x0000000017023000 nmethod 2540 0x0000000002cad010 code [0x0000000002cad1a0, 0x0000000002cad478]

GC Heap History (6 events):
Event: 0.982 GC heap before
{Heap before GC invocations=1 (full 0):
 PSYoungGen      total 38400K, used 33280K [0x00000000d5b80000, 0x00000000d8600000, 0x0000000100000000)
  eden space 33280K, 100% used [0x00000000d5b80000,0x00000000d7c00000,0x00000000d7c00000)
  from space 5120K, 0% used [0x00000000d8100000,0x00000000d8100000,0x00000000d8600000)
  to   space 5120K, 0% used [0x00000000d7c00000,0x00000000d7c00000,0x00000000d8100000)
 ParOldGen       total 87552K, used 0K [0x0000000081200000, 0x0000000086780000, 0x00000000d5b80000)
  object space 87552K, 0% used [0x0000000081200000,0x0000000081200000,0x0000000086780000)
 Metaspace       used 10519K, capacity 10654K, committed 10880K, reserved 1058816K
  class space    used 1272K, capacity 1333K, committed 1408K, reserved 1048576K
Event: 0.989 GC heap after
Heap after GC invocations=1 (full 0):
 PSYoungGen      total 38400K, used 5098K [0x00000000d5b80000, 0x00000000d8600000, 0x0000000100000000)
  eden space 33280K, 0% used [0x00000000d5b80000,0x00000000d5b80000,0x00000000d7c00000)
  from space 5120K, 99% used [0x00000000d7c00000,0x00000000d80fa9d8,0x00000000d8100000)
  to   space 5120K, 0% used [0x00000000d8100000,0x00000000d8100000,0x00000000d8600000)
 ParOldGen       total 87552K, used 2520K [0x0000000081200000, 0x0000000086780000, 0x00000000d5b80000)
  object space 87552K, 2% used [0x0000000081200000,0x0000000081476310,0x0000000086780000)
 Metaspace       used 10519K, capacity 10654K, committed 10880K, reserved 1058816K
  class space    used 1272K, capacity 1333K, committed 1408K, reserved 1048576K
}
Event: 2.273 GC heap before
{Heap before GC invocations=2 (full 0):
 PSYoungGen      total 38400K, used 38378K [0x00000000d5b80000, 0x00000000d8600000, 0x0000000100000000)
  eden space 33280K, 100% used [0x00000000d5b80000,0x00000000d7c00000,0x00000000d7c00000)
  from space 5120K, 99% used [0x00000000d7c00000,0x00000000d80fa9d8,0x00000000d8100000)
  to   space 5120K, 0% used [0x00000000d8100000,0x00000000d8100000,0x00000000d8600000)
 ParOldGen       total 87552K, used 2520K [0x0000000081200000, 0x0000000086780000, 0x00000000d5b80000)
  object space 87552K, 2% used [0x0000000081200000,0x0000000081476310,0x0000000086780000)
 Metaspace       used 17703K, capacity 17910K, committed 18304K, reserved 1064960K
  class space    used 2250K, capacity 2314K, committed 2432K, reserved 1048576K
Event: 2.285 GC heap after
Heap after GC invocations=2 (full 0):
 PSYoungGen      total 38400K, used 5104K [0x00000000d5b80000, 0x00000000d8600000, 0x0000000100000000)
  eden space 33280K, 0% used [0x00000000d5b80000,0x00000000d5b80000,0x00000000d7c00000)
  from space 5120K, 99% used [0x00000000d8100000,0x00000000d85fc060,0x00000000d8600000)
  to   space 5120K, 0% used [0x00000000d7c00000,0x00000000d7c00000,0x00000000d8100000)
 ParOldGen       total 87552K, used 6685K [0x0000000081200000, 0x0000000086780000, 0x00000000d5b80000)
  object space 87552K, 7% used [0x0000000081200000,0x0000000081887728,0x0000000086780000)
 Metaspace       used 17703K, capacity 17910K, committed 18304K, reserved 1064960K
  class space    used 2250K, capacity 2314K, committed 2432K, reserved 1048576K
}
Event: 22.833 GC heap before
{Heap before GC invocations=3 (full 0):
 PSYoungGen      total 38400K, used 38384K [0x00000000d5b80000, 0x00000000d8600000, 0x0000000100000000)
  eden space 33280K, 100% used [0x00000000d5b80000,0x00000000d7c00000,0x00000000d7c00000)
  from space 5120K, 99% used [0x00000000d8100000,0x00000000d85fc060,0x00000000d8600000)
  to   space 5120K, 0% used [0x00000000d7c00000,0x00000000d7c00000,0x00000000d8100000)
 ParOldGen       total 87552K, used 6685K [0x0000000081200000, 0x0000000086780000, 0x00000000d5b80000)
  object space 87552K, 7% used [0x0000000081200000,0x0000000081887728,0x0000000086780000)
 Metaspace       used 19458K, capacity 19684K, committed 19968K, reserved 1067008K
  class space    used 2425K, capacity 2487K, committed 2560K, reserved 1048576K
Event: 22.847 GC heap after
Heap after GC invocations=3 (full 0):
 PSYoungGen      total 38400K, used 5088K [0x00000000d5b80000, 0x00000000d8600000, 0x0000000100000000)
  eden space 33280K, 0% used [0x00000000d5b80000,0x00000000d5b80000,0x00000000d7c00000)
  from space 5120K, 99% used [0x00000000d7c00000,0x00000000d80f8080,0x00000000d8100000)
  to   space 5120K, 0% used [0x00000000d8100000,0x00000000d8100000,0x00000000d8600000)
 ParOldGen       total 87552K, used 8296K [0x0000000081200000, 0x0000000086780000, 0x00000000d5b80000)
  object space 87552K, 9% used [0x0000000081200000,0x0000000081a1a2a8,0x0000000086780000)
 Metaspace       used 19458K, capacity 19684K, committed 19968K, reserved 1067008K
  class space    used 2425K, capacity 2487K, committed 2560K, reserved 1048576K
}

Deoptimization events (10 events):
Event: 13.485 Thread 0x0000000002372800 Uncommon trap: reason=bimorphic action=maybe_recompile pc=0x00000000029722b4 method=java.util.regex.Pattern$CharProperty.match(Ljava/util/regex/Matcher;ILjava/lang/CharSequence;)Z @ 37
Event: 13.485 Thread 0x0000000002372800 Uncommon trap: reason=bimorphic action=maybe_recompile pc=0x00000000029722b4 method=java.util.regex.Pattern$CharProperty.match(Ljava/util/regex/Matcher;ILjava/lang/CharSequence;)Z @ 37
Event: 13.562 Thread 0x0000000002372800 Uncommon trap: reason=unstable_if action=reinterpret pc=0x00000000029d4d80 method=org.apache.xerces.dom.DeferredDocumentImpl.getPrevSibling(IZ)I @ 86
Event: 29.080 Thread 0x0000000002372800 Uncommon trap: reason=class_check action=maybe_recompile pc=0x0000000002bd2ff0 method=org.apache.xmlbeans.impl.store.CharUtil.getString(Ljava/lang/Object;II)Ljava/lang/String; @ 55
Event: 29.880 Thread 0x0000000002372800 Uncommon trap: reason=unstable_if action=reinterpret pc=0x000000000272ef90 method=java.util.HashMap.getNode(ILjava/lang/Object;)Ljava/util/HashMap$Node; @ 62
Event: 29.880 Thread 0x0000000002372800 Uncommon trap: reason=bimorphic action=maybe_recompile pc=0x0000000002a430ac method=java.util.HashMap.putVal(ILjava/lang/Object;Ljava/lang/Object;ZZ)Ljava/lang/Object; @ 91
Event: 29.880 Thread 0x0000000002372800 Uncommon trap: reason=unstable_if action=reinterpret pc=0x00000000026ed1f8 method=java.util.HashMap.getNode(ILjava/lang/Object;)Ljava/util/HashMap$Node; @ 62
Event: 29.880 Thread 0x0000000002372800 Uncommon trap: reason=bimorphic action=maybe_recompile pc=0x0000000002a430ac method=java.util.HashMap.putVal(ILjava/lang/Object;Ljava/lang/Object;ZZ)Ljava/lang/Object; @ 91
Event: 29.880 Thread 0x0000000002372800 Uncommon trap: reason=bimorphic action=maybe_recompile pc=0x0000000002a430ac method=java.util.HashMap.putVal(ILjava/lang/Object;Ljava/lang/Object;ZZ)Ljava/lang/Object; @ 91
Event: 29.881 Thread 0x0000000002372800 Uncommon trap: reason=bimorphic action=maybe_recompile pc=0x0000000002a430ac method=java.util.HashMap.putVal(ILjava/lang/Object;Ljava/lang/Object;ZZ)Ljava/lang/Object; @ 91

Internal exceptions (10 events):
Event: 2.124 Thread 0x0000000002372800 Exception <a 'java/lang/ArrayIndexOutOfBoundsException': 90> (0x00000000d7551ee8) thrown at [C:\re\workspace\8-2-build-windows-amd64-cygwin\jdk8u60\4407\hotspot\src\share\vm\interpreter\interpreterRuntime.cpp, line 366]
Event: 2.125 Thread 0x0000000002372800 Exception <a 'java/lang/ArrayIndexOutOfBoundsException': 105> (0x00000000d7553c98) thrown at [C:\re\workspace\8-2-build-windows-amd64-cygwin\jdk8u60\4407\hotspot\src\share\vm\interpreter\interpreterRuntime.cpp, line 366]
Event: 2.125 Thread 0x0000000002372800 Exception <a 'java/lang/ArrayIndexOutOfBoundsException'> (0x00000000d7554ed8) thrown at [C:\re\workspace\8-2-build-windows-amd64-cygwin\jdk8u60\4407\hotspot\src\share\vm\runtime\sharedRuntime.cpp, line 605]
Event: 2.140 Thread 0x0000000002372800 Exception <a 'java/lang/ArrayIndexOutOfBoundsException'> (0x00000000d75acf20) thrown at [C:\re\workspace\8-2-build-windows-amd64-cygwin\jdk8u60\4407\hotspot\src\share\vm\runtime\sharedRuntime.cpp, line 605]
Event: 2.142 Thread 0x0000000002372800 Exception <a 'java/lang/ArrayIndexOutOfBoundsException'> (0x00000000d75b4778) thrown at [C:\re\workspace\8-2-build-windows-amd64-cygwin\jdk8u60\4407\hotspot\src\share\vm\runtime\sharedRuntime.cpp, line 605]
Event: 2.142 Thread 0x0000000002372800 Exception <a 'java/lang/ArrayIndexOutOfBoundsException'> (0x00000000d75b60e8) thrown at [C:\re\workspace\8-2-build-windows-amd64-cygwin\jdk8u60\4407\hotspot\src\share\vm\runtime\sharedRuntime.cpp, line 605]
Event: 2.142 Thread 0x0000000002372800 Exception <a 'java/lang/ArrayIndexOutOfBoundsException'> (0x00000000d75b7330) thrown at [C:\re\workspace\8-2-build-windows-amd64-cygwin\jdk8u60\4407\hotspot\src\share\vm\runtime\sharedRuntime.cpp, line 605]
Event: 2.142 Thread 0x0000000002372800 Exception <a 'java/lang/ArrayIndexOutOfBoundsException'> (0x00000000d75b86a0) thrown at [C:\re\workspace\8-2-build-windows-amd64-cygwin\jdk8u60\4407\hotspot\src\share\vm\runtime\sharedRuntime.cpp, line 605]
Event: 2.144 Thread 0x0000000002372800 Exception <a 'java/lang/ArrayIndexOutOfBoundsException'> (0x00000000d75c0230) thrown at [C:\re\workspace\8-2-build-windows-amd64-cygwin\jdk8u60\4407\hotspot\src\share\vm\runtime\sharedRuntime.cpp, line 605]
Event: 29.765 Thread 0x000000001971d000 Exception <a 'java/net/SocketTimeoutException': connect timed out> (0x00000000d6862208) thrown at [C:\re\workspace\8-2-build-windows-amd64-cygwin\jdk8u60\4407\hotspot\src\share\vm\prims\jni.cpp, line 735]

Events (10 events):
Event: 29.880 Thread 0x0000000002372800 DEOPT UNPACKING pc=0x00000000024b582a sp=0x000000000229dd98 mode 2
Event: 29.881 Thread 0x0000000002372800 Uncommon trap: trap_request=0xffffffc6 fr.pc=0x0000000002a430ac
Event: 29.881 Thread 0x0000000002372800 DEOPT PACKING pc=0x0000000002a430ac sp=0x000000000229de50
Event: 29.881 Thread 0x0000000002372800 DEOPT UNPACKING pc=0x00000000024b582a sp=0x000000000229ddb8 mode 2
Event: 29.903 loading class java/lang/reflect/WeakCache$CacheValue
Event: 29.903 loading class java/lang/reflect/WeakCache$Value
Event: 29.903 loading class java/lang/reflect/WeakCache$Value done
Event: 29.903 loading class java/lang/reflect/WeakCache$CacheValue done
Event: 29.903 loading class java/lang/reflect/UndeclaredThrowableException
Event: 29.903 loading class java/lang/reflect/UndeclaredThrowableException done


Dynamic libraries:
0x00007ff7fb220000 - 0x00007ff7fb257000 	C:\Program Files (x86)\Java\jdk1.8.0_60\bin\javaw.exe
0x00007ffad9980000 - 0x00007ffad9b2d000 	C:\Windows\SYSTEM32\ntdll.dll
0x00007ffad7060000 - 0x00007ffad719e000 	C:\Windows\system32\KERNEL32.DLL
0x00007ffad6e50000 - 0x00007ffad6f65000 	C:\Windows\system32\KERNELBASE.dll
0x00007ffad5490000 - 0x00007ffad551e000 	C:\Windows\system32\apphelp.dll
0x00007ffab6a10000 - 0x00007ffab6a63000 	C:\Windows\AppPatch\AppPatch64\AcGenral.DLL
0x00007ffad98d0000 - 0x00007ffad997a000 	C:\Windows\system32\msvcrt.dll
0x00007ffad6fd0000 - 0x00007ffad6ffe000 	C:\Windows\system32\SspiCli.dll
0x00007ffad71a0000 - 0x00007ffad71f4000 	C:\Windows\system32\SHLWAPI.dll
0x00007ffad9750000 - 0x00007ffad98c7000 	C:\Windows\system32\USER32.dll
0x00007ffad7640000 - 0x00007ffad77d4000 	C:\Windows\system32\ole32.dll
0x00007ffad8220000 - 0x00007ffad9748000 	C:\Windows\system32\SHELL32.dll
0x00007ffad5ff0000 - 0x00007ffad6011000 	C:\Windows\SYSTEM32\USERENV.dll
0x00007ffad7420000 - 0x00007ffad74ca000 	C:\Windows\system32\ADVAPI32.dll
0x00007ffabd7d0000 - 0x00007ffabd7ee000 	C:\Windows\SYSTEM32\MPR.dll
0x00007ffad7b70000 - 0x00007ffad7cb0000 	C:\Windows\system32\RPCRT4.dll
0x00007ffad7b10000 - 0x00007ffad7b69000 	C:\Windows\SYSTEM32\sechost.dll
0x00007ffad7200000 - 0x00007ffad7412000 	C:\Windows\SYSTEM32\combase.dll
0x00007ffad80c0000 - 0x00007ffad820f000 	C:\Windows\system32\GDI32.dll
0x00007ffad6aa0000 - 0x00007ffad6ab5000 	C:\Windows\SYSTEM32\profapi.dll
0x00007ffad5110000 - 0x00007ffad51c2000 	C:\Windows\SYSTEM32\SHCORE.dll
0x00007ffad7de0000 - 0x00007ffad7e16000 	C:\Windows\system32\IMM32.DLL
0x00007ffad74d0000 - 0x00007ffad7622000 	C:\Windows\system32\MSCTF.dll
0x00007ffad49e0000 - 0x00007ffad4c5b000 	C:\Windows\WinSxS\amd64_microsoft.windows.common-controls_6595b64144ccf1df_6.0.9600.18006_none_623f33d3ecbe86e8\COMCTL32.dll
0x0000000067470000 - 0x0000000067542000 	C:\Program Files (x86)\Java\jdk1.8.0_60\jre\bin\msvcr100.dll
0x0000000066be0000 - 0x0000000067469000 	C:\Program Files (x86)\Java\jdk1.8.0_60\jre\bin\server\jvm.dll
0x00007ffacd120000 - 0x00007ffacd129000 	C:\Windows\SYSTEM32\WSOCK32.dll
0x00007ffad41b0000 - 0x00007ffad41d2000 	C:\Windows\SYSTEM32\WINMM.dll
0x00007ffad41e0000 - 0x00007ffad41ea000 	C:\Windows\SYSTEM32\VERSION.dll
0x00007ffad7b00000 - 0x00007ffad7b07000 	C:\Windows\system32\PSAPI.DLL
0x00007ffad7000000 - 0x00007ffad705a000 	C:\Windows\system32\WS2_32.dll
0x00007ffad4170000 - 0x00007ffad419a000 	C:\Windows\SYSTEM32\WINMMBASE.dll
0x00007ffad7af0000 - 0x00007ffad7af9000 	C:\Windows\system32\NSI.dll
0x00007ffad6b70000 - 0x00007ffad6bbf000 	C:\Windows\SYSTEM32\cfgmgr32.dll
0x00007ffad5700000 - 0x00007ffad5728000 	C:\Windows\SYSTEM32\DEVOBJ.dll
0x0000000066bd0000 - 0x0000000066bdf000 	C:\Program Files (x86)\Java\jdk1.8.0_60\jre\bin\verify.dll
0x0000000066ba0000 - 0x0000000066bc9000 	C:\Program Files (x86)\Java\jdk1.8.0_60\jre\bin\java.dll
0x0000000066b80000 - 0x0000000066b96000 	C:\Program Files (x86)\Java\jdk1.8.0_60\jre\bin\zip.dll
0x0000000066b60000 - 0x0000000066b7a000 	C:\Program Files (x86)\Java\jdk1.8.0_60\jre\bin\net.dll
0x00007ffad6260000 - 0x00007ffad62b9000 	C:\Windows\system32\mswsock.dll
0x00007ffad6060000 - 0x00007ffad6104000 	C:\Windows\SYSTEM32\DNSAPI.dll
0x00000000684b0000 - 0x00000000684d6000 	C:\Program Files\Bonjour\mdnsNSP.dll
0x00007ffacf6f0000 - 0x00007ffacf71a000 	C:\Windows\SYSTEM32\Iphlpapi.DLL
0x00007ffacf680000 - 0x00007ffacf68a000 	C:\Windows\SYSTEM32\WINNSI.DLL
0x00007ffac5b80000 - 0x00007ffac5b8a000 	C:\Windows\System32\rasadhlp.dll
0x00007ffacef80000 - 0x00007ffacefeb000 	C:\Windows\System32\fwpuclnt.dll
0x0000000066b30000 - 0x0000000066b54000 	C:\Program Files (x86)\Java\jdk1.8.0_60\jre\bin\sunec.dll
0x00007ffad62c0000 - 0x00007ffad62e0000 	C:\Windows\SYSTEM32\CRYPTSP.dll
0x00007ffad5ee0000 - 0x00007ffad5f16000 	C:\Windows\system32\rsaenh.dll
0x00007ffad6580000 - 0x00007ffad65a6000 	C:\Windows\SYSTEM32\bcrypt.dll
0x00007ffad6900000 - 0x00007ffad6963000 	C:\Windows\system32\bcryptprimitives.dll
0x00007ffad6970000 - 0x00007ffad697b000 	C:\Windows\SYSTEM32\CRYPTBASE.dll
0x00007ffacf310000 - 0x00007ffacf326000 	C:\Windows\SYSTEM32\dhcpcsvc6.DLL
0x00007ffacf410000 - 0x00007ffacf42a000 	C:\Windows\SYSTEM32\dhcpcsvc.DLL
0x0000000066b10000 - 0x0000000066b21000 	C:\Program Files (x86)\Java\jdk1.8.0_60\jre\bin\nio.dll
0x0000000180000000 - 0x0000000180038000 	C:\Users\Ashwani\AppData\Local\Temp\jna-950237531\jna7161468468477666874.dll
0x00007ffad3150000 - 0x00007ffad32d9000 	C:\Windows\SYSTEM32\dbghelp.dll

VM Arguments:
jvm_args: -Dfile.encoding=Cp1252 
java_command: LoadIt
java_class_path (initial): C:\workspace\ExcelReaderInTestNg\bin;C:\Program Files (x86)\Java\poi-3.15\poi-3.15.jar;C:\Program Files (x86)\Java\poi-3.15\poi-examples-3.15.jar;C:\Program Files (x86)\Java\poi-3.15\poi-excelant-3.15.jar;C:\Program Files (x86)\Java\poi-3.15\poi-ooxml-3.15.jar;C:\Program Files (x86)\Java\poi-3.15\poi-ooxml-schemas-3.15.jar;C:\Program Files (x86)\Java\poi-3.15\poi-scratchpad-3.15.jar;C:\Program Files (x86)\Java\poi-3.15\lib\commons-codec-1.10.jar;C:\Program Files (x86)\Java\poi-3.15\lib\commons-collections4-4.1.jar;C:\Program Files (x86)\Java\poi-3.15\lib\commons-logging-1.2.jar;C:\Program Files (x86)\Java\poi-3.15\lib\junit-4.12.jar;C:\Program Files (x86)\Java\poi-3.15\lib\log4j-1.2.17.jar;C:\Program Files (x86)\Java\poi-3.15\ooxml-lib\curvesapi-1.04.jar;C:\Program Files (x86)\Java\poi-3.15\ooxml-lib\xmlbeans-2.6.0.jar;C:\Program Files (x86)\Java\Selenium3\client-combined-3.0.1-nodeps.jar;C:\Program Files (x86)\Java\Selenium3\lib\cglib-nodep-3.2.4.jar;C:\Program Files (x86)\Java\Selenium3\lib\commons-codec-1.10.jar;C:\Program Files (x86)\Java\Selenium3\lib\commons-exec-1.3.jar;C:\Program Files (x86)\Java\Selenium3\lib\commons-io-2.5.jar;C:\Program Files (x86)\Java\Selenium3\lib\commons-lang3-3.4.jar;C:\Program Files (x86)\Java\Selenium3\lib\commons-logging-1.2.jar;C:\Program Files (x86)\Java\Selenium3\lib\cssparser-0.9.20.jar;C:\Program Files (x86)\Java\Selenium3\lib\gson-2.3.1.jar;C:\Program Files (x86)\Java\Selenium3\lib\guava-19.0.jar;C:\Program Files (x86)\Java\Selenium3\lib\hamcrest-core-1.3.jar;C:\Program Files (x86)\Java\Selenium3\lib\hamcrest-library-1.3.jar;C:\Program Files (x86)\Java\Selenium3\lib\htmlunit-2.23.jar;C:\Program Files (x86)\Java\Selenium3\lib\htmlunit-core-js-2.23.jar;C:\Program Files (x86)\Java\Selenium3\lib\httpclient-4.5.2.jar;C:\Program Files (x86)\Java\Selenium3\lib\httpcore-4.4.4.jar;C:\Program Files (x86)\Java\Selenium3\lib\httpmime-4.5.2.jar;C:\Program Files (x86)\Java\Selenium3\lib\javax.servlet-api-3.1.0
Launcher Type: SUN_STANDARD

Environment Variables:
JAVA_HOME=C:\Program Files (x86)\Java\jdk1.8.0_60
PATH=C:/Program Files/Java/jre1.8.0_91/bin/server;C:/Program Files/Java/jre1.8.0_91/bin;C:/Program Files/Java/jre1.8.0_91/lib/amd64;C:\ProgramData\Oracle\Java\javapath;E:\app\Ashwani\product\12.1.0\dbhome_1\bin;E:\app\DMS\product\12.1.0\dbhome_1\bin;C:\Program Files (x86)\Java\jdk1.8.0_60\bin;C:\Program Files (x86)\NVIDIA Corporation\PhysX\Common;C:\Windows\system32;C:\Windows;C:\Windows\System32\Wbem;C:\Windows\System32\WindowsPowerShell\v1.0\;C:\Program Files (x86)\Java\jre1.8.0_60\bin;C:\Program Files (x86)\Windows Live\Shared;C:\Program Files (x86)\Java\apache-maven-3.3.9\bin;C:\Program Files\PuTTY\;C:\Program Files\nodejs\;C:\Users\Ashwani\AppData\Roaming\npm;C:\Users\Ashwani\eclipse\java-mars\eclipse;
USERNAME=Ashwani
OS=Windows_NT
PROCESSOR_IDENTIFIER=Intel64 Family 6 Model 61 Stepping 4, GenuineIntel



---------------  S Y S T E M  ---------------

OS: Windows 8.1 , 64 bit Build 9600 (6.3.9600.17415)

CPU:total 4 (2 cores per cpu, 2 threads per core) family 6 model 61 stepping 4, cmov, cx8, fxsr, mmx, sse, sse2, sse3, ssse3, sse4.1, sse4.2, popcnt, avx, avx2, aes, clmul, erms, 3dnowpref, lzcnt, ht, tsc, tscinvbit, bmi1, bmi2, adx

Memory: 4k page, physical 8307376k(2202088k free), swap 11453104k(3915164k free)

vm_info: Java HotSpot(TM) 64-Bit Server VM (25.60-b23) for windows-amd64 JRE (1.8.0_60-b27), built on Aug  4 2015 11:06:27 by "java_re" with MS VC++ 10.0 (VS2010)

time: Thu May 18 23:46:29 2017
elapsed time: 29 seconds (0d 0h 0m 29s)

